[2025-May-25 15:35:01.991 +03:00][ 4915: 4915][info ] Logging initialized
[2025-May-25 15:35:01.991 +03:00][ 4915: 4915][info ] Initializing krisp SDK...
[2025-May-25 15:35:01.991 +03:00][ 4915: 4915][info ] DoKrispInitialize
[2025-May-25 15:35:02.278 +03:00][ 4915: 4915][info ] LoadDynamicKrisp
[2025-May-25 15:35:02.278 +03:00][ 4915: 4915][info ] Did not find KRISP_DYLIB_PATH, skipping dynamic loading
[2025-May-25 15:35:02.278 +03:00][ 4915: 4915][info ] Initializing Krisp SDK in PID 4915, addr 0x7a83ff58c820
[2025-May-25 15:35:02.444 +03:00][ 4915: 4915][info ] Initialized Krisp SDK successfully
[2025-May-25 15:35:02.444 +03:00][ 4915: 4915][info ] Krisp SDK initialized
[2025-May-25 17:51:24.672 +03:00][ 4915: 4942][info ] KrispNCSetup: sampleRate = 48000, duration = 10
[2025-May-25 17:51:24.672 +03:00][ 4915: 4942][info ] Setting Krisp model: full_NC
[2025-May-25 17:51:24.696 +03:00][ 4915: 4942][info ] KrispVADSetup: sampleRate = 48000, duration = 10
[2025-May-25 17:51:32.365 +03:00][ 4915: 4934][info ] KrispVADReset
[2025-May-25 17:51:34.741 +03:00][ 4915: 4942][info ] KrispVADSetup: sampleRate = 48000, duration = 10
[2025-May-25 17:51:43.912 +03:00][ 4915: 4934][info ] KrispVADReset
[2025-May-25 17:51:48.277 +03:00][ 4915: 4942][info ] KrispVADSetup: sampleRate = 48000, duration = 10
[2025-May-25 17:51:59.089 +03:00][ 4915: 4934][info ] KrispVADReset
[2025-May-25 17:52:00.822 +03:00][ 4915: 4942][info ] KrispVADSetup: sampleRate = 48000, duration = 10
[2025-May-25 17:52:12.832 +03:00][ 4915: 4934][info ] KrispVADReset
[2025-May-25 17:52:13.120 +03:00][ 4915: 4942][info ] KrispNCReset
[2025-May-25 17:52:13.120 +03:00][ 4915: 4942][info ] KrispNCSetup: sampleRate = 8000, duration = 10
[2025-May-25 17:52:13.120 +03:00][ 4915: 4942][info ] Setting Krisp model: small_NC_8k
[2025-May-25 17:52:14.683 +03:00][ 4915: 4942][info ] KrispNCReset
[2025-May-25 17:52:14.683 +03:00][ 4915: 4942][info ] KrispNCSetup: sampleRate = 48000, duration = 10
[2025-May-25 17:52:14.683 +03:00][ 4915: 4942][info ] Setting Krisp model: full_NC
[2025-May-25 17:52:14.690 +03:00][ 4915: 4942][info ] KrispVADSetup: sampleRate = 48000, duration = 10
[2025-May-25 17:52:14.956 +03:00][ 4915: 4934][info ] KrispVADReset
[2025-May-25 17:59:58.042 +03:00][ 4915: 4942][info ] KrispVADSetup: sampleRate = 48000, duration = 10
[2025-May-25 18:00:06.058 +03:00][ 4915: 4934][info ] KrispVADReset
[2025-May-25 18:00:06.628 +03:00][ 4915: 4942][info ] KrispVADSetup: sampleRate = 48000, duration = 10
[2025-May-25 18:00:16.126 +03:00][ 4915: 4934][info ] KrispVADReset
[2025-May-25 18:00:16.756 +03:00][ 4915: 4942][info ] KrispVADSetup: sampleRate = 48000, duration = 10
[2025-May-25 18:00:20.243 +03:00][ 4915: 4934][info ] KrispVADReset
[2025-May-25 18:06:18.562 +03:00][ 4915: 4942][info ] KrispVADSetup: sampleRate = 48000, duration = 10
[2025-May-25 18:06:22.399 +03:00][ 4915: 4934][info ] KrispVADReset
[2025-May-25 18:07:49.439 +03:00][ 4915: 4942][info ] KrispVADSetup: sampleRate = 48000, duration = 10
[2025-May-25 18:07:57.294 +03:00][ 4915: 4934][info ] KrispVADReset
[2025-May-25 18:07:57.850 +03:00][ 4915: 4942][info ] KrispVADSetup: sampleRate = 48000, duration = 10
[2025-May-25 18:08:03.642 +03:00][ 4915: 4934][info ] KrispVADReset
[2025-May-25 18:08:56.869 +03:00][ 4915: 4942][info ] KrispVADSetup: sampleRate = 48000, duration = 10
[2025-May-25 18:11:55.341 +03:00][ 4915: 4942][info ] KrispNCReset
[2025-May-25 18:11:55.341 +03:00][ 4915: 4942][info ] KrispNCSetup: sampleRate = 8000, duration = 10
[2025-May-25 18:11:55.341 +03:00][ 4915: 4942][info ] Setting Krisp model: small_NC_8k
[2025-May-25 18:11:55.341 +03:00][ 4915: 4934][info ] KrispVADReset
[2025-May-29 18:34:07.997 +03:00][26727:26727][info ] Logging initialized
[2025-May-29 18:34:07.997 +03:00][26727:26727][info ] Initializing krisp SDK...
[2025-May-29 18:34:07.997 +03:00][26727:26727][info ] DoKrispInitialize
[2025-May-29 18:34:09.674 +03:00][26727:26727][info ] LoadDynamicKrisp
[2025-May-29 18:34:09.674 +03:00][26727:26727][info ] Did not find KRISP_DYLIB_PATH, skipping dynamic loading
[2025-May-29 18:34:09.674 +03:00][26727:26727][info ] Initializing Krisp SDK in PID 26727, addr 0x7ff179b8c820
[2025-May-29 18:34:10.057 +03:00][26727:26727][info ] Initialized Krisp SDK successfully
[2025-May-29 18:34:10.057 +03:00][26727:26727][info ] Krisp SDK initialized
[2025-May-29 18:34:27.683 +03:00][26727:28858][info ] KrispNCSetup: sampleRate = 48000, duration = 10
[2025-May-29 18:34:27.683 +03:00][26727:28858][info ] Setting Krisp model: full_NC
[2025-May-29 18:34:27.785 +03:00][26727:28858][info ] KrispVADSetup: sampleRate = 48000, duration = 10
[2025-May-29 18:35:57.588 +03:00][60039:60039][info ] Logging initialized
[2025-May-29 18:35:57.588 +03:00][60039:60039][info ] Initializing krisp SDK...
[2025-May-29 18:35:57.588 +03:00][60039:60039][info ] DoKrispInitialize
[2025-May-29 18:35:57.882 +03:00][60039:60039][info ] LoadDynamicKrisp
[2025-May-29 18:35:57.882 +03:00][60039:60039][info ] Did not find KRISP_DYLIB_PATH, skipping dynamic loading
[2025-May-29 18:35:57.882 +03:00][60039:60039][info ] Initializing Krisp SDK in PID 60039, addr 0x7f3fe1d8c820
[2025-May-29 18:35:58.049 +03:00][60039:60039][info ] Initialized Krisp SDK successfully
[2025-May-29 18:35:58.049 +03:00][60039:60039][info ] Krisp SDK initialized
[2025-May-29 18:38:35.084 +03:00][104857:104857][info ] Logging initialized
[2025-May-29 18:38:35.084 +03:00][104857:104857][info ] Initializing krisp SDK...
[2025-May-29 18:38:35.084 +03:00][104857:104857][info ] DoKrispInitialize
[2025-May-29 18:38:35.384 +03:00][104857:104857][info ] LoadDynamicKrisp
[2025-May-29 18:38:35.384 +03:00][104857:104857][info ] Did not find KRISP_DYLIB_PATH, skipping dynamic loading
[2025-May-29 18:38:35.384 +03:00][104857:104857][info ] Initializing Krisp SDK in PID 104857, addr 0x7f141798c820
[2025-May-29 18:38:35.555 +03:00][104857:104857][info ] Initialized Krisp SDK successfully
[2025-May-29 18:38:35.555 +03:00][104857:104857][info ] Krisp SDK initialized
[2025-May-29 18:38:41.285 +03:00][104857:105338][info ] KrispNCSetup: sampleRate = 48000, duration = 10
[2025-May-29 18:38:41.285 +03:00][104857:105338][info ] Setting Krisp model: full_NC
[2025-May-29 18:38:41.295 +03:00][104857:105338][info ] KrispVADSetup: sampleRate = 48000, duration = 10
[2025-May-29 18:38:49.415 +03:00][104857:105320][info ] KrispVADReset
[2025-May-29 18:38:49.947 +03:00][104857:105338][info ] KrispVADSetup: sampleRate = 48000, duration = 10
[2025-May-29 18:39:00.650 +03:00][104857:105320][info ] KrispVADReset
[2025-May-29 18:39:01.238 +03:00][104857:105338][info ] KrispVADSetup: sampleRate = 48000, duration = 10
[2025-May-29 19:41:58.972 +03:00][ 5351: 5351][info ] Logging initialized
[2025-May-29 19:41:58.972 +03:00][ 5351: 5351][info ] Initializing krisp SDK...
[2025-May-29 19:41:58.972 +03:00][ 5351: 5351][info ] DoKrispInitialize
[2025-May-29 19:42:00.869 +03:00][ 5351: 5351][info ] LoadDynamicKrisp
[2025-May-29 19:42:00.869 +03:00][ 5351: 5351][info ] Did not find KRISP_DYLIB_PATH, skipping dynamic loading
[2025-May-29 19:42:00.869 +03:00][ 5351: 5351][info ] Initializing Krisp SDK in PID 5351, addr 0x7f66fe78c820
[2025-May-29 19:42:01.293 +03:00][ 5351: 5351][info ] Initialized Krisp SDK successfully
[2025-May-29 19:42:01.293 +03:00][ 5351: 5351][info ] Krisp SDK initialized
[2025-May-29 19:42:11.119 +03:00][ 5351: 5351][info ] Logging initialized
[2025-May-29 19:42:11.119 +03:00][ 5351: 5351][info ] Initializing krisp SDK...
[2025-May-29 19:42:11.119 +03:00][ 5351: 5351][info ] Krisp SDK initialized
[2025-May-29 19:42:46.711 +03:00][ 5351: 6483][info ] KrispNCSetup: sampleRate = 48000, duration = 10
[2025-May-29 19:42:46.712 +03:00][ 5351: 6483][info ] Setting Krisp model: full_NC
[2025-May-29 19:42:46.874 +03:00][ 5351: 6483][info ] KrispVADSetup: sampleRate = 48000, duration = 10
[2025-May-29 19:42:51.118 +03:00][ 5351: 6477][info ] KrispVADReset
[2025-May-29 19:42:51.128 +03:00][ 5351: 6483][info ] KrispVADSetup: sampleRate = 48000, duration = 10
[2025-May-29 19:44:16.684 +03:00][ 5351: 6477][info ] KrispVADReset
[2025-May-29 19:44:22.036 +03:00][ 5351: 6483][info ] KrispVADSetup: sampleRate = 48000, duration = 10
[2025-May-29 19:45:05.291 +03:00][ 5351: 6477][info ] KrispVADReset
[2025-May-29 19:45:09.071 +03:00][ 5351: 6483][info ] KrispVADSetup: sampleRate = 48000, duration = 10
[2025-May-29 19:45:13.690 +03:00][ 5351: 6477][info ] KrispVADReset
[2025-May-29 19:45:29.253 +03:00][ 5351: 6483][info ] KrispVADSetup: sampleRate = 48000, duration = 10
[2025-May-29 19:46:01.413 +03:00][ 5351: 6477][info ] KrispVADReset
[2025-Jun-07 08:32:18.041 +03:00][11939:11939][info ] Logging initialized
[2025-Jun-07 08:32:18.041 +03:00][11939:11939][info ] Initializing krisp SDK...
[2025-Jun-07 08:32:18.041 +03:00][11939:11939][info ] DoKrispInitialize
[2025-Jun-07 08:32:20.648 +03:00][11939:11939][info ] LoadDynamicKrisp
[2025-Jun-07 08:32:20.648 +03:00][11939:11939][info ] Did not find KRISP_DYLIB_PATH, skipping dynamic loading
[2025-Jun-07 08:32:20.648 +03:00][11939:11939][info ] Initializing Krisp SDK in PID 11939, addr 0x7f065f58c820
[2025-Jun-07 08:32:20.800 +03:00][11939:11939][info ] Initialized Krisp SDK successfully
[2025-Jun-07 08:32:20.800 +03:00][11939:11939][info ] Krisp SDK initialized
[2025-Jun-08 09:21:11.900 +03:00][ 1130: 1130][info ] Logging initialized
[2025-Jun-08 09:21:11.900 +03:00][ 1130: 1130][info ] Initializing krisp SDK...
[2025-Jun-08 09:21:11.900 +03:00][ 1130: 1130][info ] DoKrispInitialize
[2025-Jun-08 09:21:14.656 +03:00][ 1130: 1130][info ] LoadDynamicKrisp
[2025-Jun-08 09:21:14.656 +03:00][ 1130: 1130][info ] Did not find KRISP_DYLIB_PATH, skipping dynamic loading
[2025-Jun-08 09:21:14.656 +03:00][ 1130: 1130][info ] Initializing Krisp SDK in PID 1130, addr 0x7fcab618c820
[2025-Jun-08 09:21:15.157 +03:00][ 1130: 1130][info ] Initialized Krisp SDK successfully
[2025-Jun-08 09:21:15.157 +03:00][ 1130: 1130][info ] Krisp SDK initialized
[2025-Jun-08 09:22:00.342 +03:00][ 1130: 1156][info ] KrispVADSetup: sampleRate = 48000, duration = 10
[2025-Jun-08 09:22:00.482 +03:00][ 1130: 1156][info ] KrispNCSetup: sampleRate = 48000, duration = 10
[2025-Jun-08 09:22:00.482 +03:00][ 1130: 1156][info ] Setting Krisp model: full_NC
[2025-Jun-08 09:22:07.903 +03:00][ 1130: 1148][info ] KrispVADReset
[2025-Jun-08 09:22:08.337 +03:00][ 1130: 1156][info ] KrispVADSetup: sampleRate = 48000, duration = 10
[2025-Jun-08 09:22:16.665 +03:00][ 1130: 1148][info ] KrispVADReset
[2025-Jun-08 19:26:08.888 +03:00][12118:12118][info ] Logging initialized
[2025-Jun-08 19:26:08.888 +03:00][12118:12118][info ] Initializing krisp SDK...
[2025-Jun-08 19:26:08.888 +03:00][12118:12118][info ] DoKrispInitialize
[2025-Jun-08 19:26:10.535 +03:00][12118:12118][info ] LoadDynamicKrisp
[2025-Jun-08 19:26:10.535 +03:00][12118:12118][info ] Did not find KRISP_DYLIB_PATH, skipping dynamic loading
[2025-Jun-08 19:26:10.535 +03:00][12118:12118][info ] Initializing Krisp SDK in PID 12118, addr 0x7ddc4c78c820
[2025-Jun-08 19:26:10.970 +03:00][12118:12118][info ] Initialized Krisp SDK successfully
[2025-Jun-08 19:26:10.970 +03:00][12118:12118][info ] Krisp SDK initialized
[2025-Jun-14 08:52:24.024 +03:00][17796:17796][info ] Logging initialized
[2025-Jun-14 08:52:24.024 +03:00][17796:17796][info ] Initializing krisp SDK...
[2025-Jun-14 08:52:24.024 +03:00][17796:17796][info ] DoKrispInitialize
[2025-Jun-14 08:52:26.159 +03:00][17796:17796][info ] LoadDynamicKrisp
[2025-Jun-14 08:52:26.159 +03:00][17796:17796][info ] Did not find KRISP_DYLIB_PATH, skipping dynamic loading
[2025-Jun-14 08:52:26.159 +03:00][17796:17796][info ] Initializing Krisp SDK in PID 17796, addr 0x7f6dd498cf20
[2025-Jun-14 08:52:26.392 +03:00][17796:17796][info ] Initialized Krisp SDK successfully
[2025-Jun-14 08:52:26.392 +03:00][17796:17796][info ] Krisp SDK initialized
[2025-Jun-14 09:33:48.652 +03:00][28450:28450][info ] Logging initialized
[2025-Jun-14 09:33:48.652 +03:00][28450:28450][info ] Initializing krisp SDK...
[2025-Jun-14 09:33:48.652 +03:00][28450:28450][info ] DoKrispInitialize
[2025-Jun-14 09:33:49.012 +03:00][28450:28450][info ] LoadDynamicKrisp
[2025-Jun-14 09:33:49.012 +03:00][28450:28450][info ] Did not find KRISP_DYLIB_PATH, skipping dynamic loading
[2025-Jun-14 09:33:49.012 +03:00][28450:28450][info ] Initializing Krisp SDK in PID 28450, addr 0x7fe81ab8cf20
[2025-Jun-14 09:33:49.161 +03:00][28450:28450][info ] Initialized Krisp SDK successfully
[2025-Jun-14 09:33:49.161 +03:00][28450:28450][info ] Krisp SDK initialized
[2025-Jun-19 08:53:38.008 +03:00][42919:42919][info ] Logging initialized
[2025-Jun-19 08:53:38.008 +03:00][42919:42919][info ] Initializing krisp SDK...
[2025-Jun-19 08:53:38.008 +03:00][42919:42919][info ] DoKrispInitialize
[2025-Jun-19 08:53:38.388 +03:00][42919:42919][info ] LoadDynamicKrisp
[2025-Jun-19 08:53:38.388 +03:00][42919:42919][info ] Did not find KRISP_DYLIB_PATH, skipping dynamic loading
[2025-Jun-19 08:53:38.388 +03:00][42919:42919][info ] Initializing Krisp SDK in PID 42919, addr 0x7fd06738d8e0
[2025-Jun-19 08:53:38.557 +03:00][42919:42919][info ] Initialized Krisp SDK successfully
[2025-Jun-19 08:53:38.557 +03:00][42919:42919][info ] Krisp SDK initialized
[2025-Jun-19 08:57:09.667 +03:00][42919:42919][info ] KrispNCSetModel: model = 
[2025-Jun-19 09:05:03.254 +03:00][45816:45816][info ] Logging initialized
[2025-Jun-19 09:05:03.254 +03:00][45816:45816][info ] Initializing krisp SDK...
[2025-Jun-19 09:05:03.254 +03:00][45816:45816][info ] DoKrispInitialize
[2025-Jun-19 09:05:03.544 +03:00][45816:45816][info ] LoadDynamicKrisp
[2025-Jun-19 09:05:03.544 +03:00][45816:45816][info ] Did not find KRISP_DYLIB_PATH, skipping dynamic loading
[2025-Jun-19 09:05:03.544 +03:00][45816:45816][info ] Initializing Krisp SDK in PID 45816, addr 0x7fe4b858d8e0
[2025-Jun-19 09:05:03.699 +03:00][45816:45816][info ] Initialized Krisp SDK successfully
[2025-Jun-19 09:05:03.699 +03:00][45816:45816][info ] Krisp SDK initialized
[2025-Jun-19 09:05:07.934 +03:00][45816:45816][info ] KrispNCSetModel: model = 
